\BOOKMARK [1][-]{section.1}{h1 Heading 8-\)}{}% 1
\BOOKMARK [2][-]{subsection.1.1}{h2 Heading}{section.1}% 2
\BOOKMARK [3][-]{subsubsection.1.1.1}{h3 Heading}{subsection.1.1}% 3
\BOOKMARK [3][-]{subsubsection.1.1.2}{h4 Heading}{subsection.1.1}% 4
\BOOKMARK [2][-]{subsection.1.2}{Horizontal Rules}{section.1}% 5
\BOOKMARK [2][-]{subsection.1.3}{Typographic replacements}{section.1}% 6
\BOOKMARK [2][-]{subsection.1.4}{Emphasis}{section.1}% 7
\BOOKMARK [2][-]{subsection.1.5}{Blockquotes}{section.1}% 8
\BOOKMARK [2][-]{subsection.1.6}{Lists}{section.1}% 9
\BOOKMARK [2][-]{subsection.1.7}{Code}{section.1}% 10
\BOOKMARK [2][-]{subsection.1.8}{Tables}{section.1}% 11
\BOOKMARK [2][-]{subsection.1.9}{Links}{section.1}% 12
\BOOKMARK [2][-]{subsection.1.10}{Images}{section.1}% 13
\BOOKMARK [2][-]{subsection.1.11}{Plugins}{section.1}% 14
\BOOKMARK [3][-]{subsubsection.1.11.1}{Emojies}{subsection.1.11}% 15
\BOOKMARK [3][-]{subsubsection.1.11.2}{Subscript / Superscript}{subsection.1.11}% 16
\BOOKMARK [3][-]{subsubsection.1.11.3}{<ins>}{subsection.1.11}% 17
\BOOKMARK [3][-]{subsubsection.1.11.4}{<mark>}{subsection.1.11}% 18
\BOOKMARK [3][-]{subsubsection.1.11.5}{Footnotes}{subsection.1.11}% 19
\BOOKMARK [3][-]{subsubsection.1.11.6}{Definition lists}{subsection.1.11}% 20
\BOOKMARK [3][-]{subsubsection.1.11.7}{Abbreviations}{subsection.1.11}% 21
\BOOKMARK [3][-]{subsubsection.1.11.8}{Custom containers}{subsection.1.11}% 22
