This is pdfTeX, Version 3.14159265-2.6-1.40.19 (TeX Live 2018/NixOS.org) (preloaded format=pdflatex 2019.10.17)  25 NOV 2019 17:39
entering extended mode
 restricted \write18 enabled.
 %&-line parsing enabled.
**latex.tex
(./latex.tex
LaTeX2e <2018-12-01>

(/nix/store/12qz4w7rvpja8c989v291hkm1c4968wb-texlive-combined-full-2018/share/t
exmf/tex/latex/base/article.cls
Document Class: article 2018/09/03 v1.4i Standard LaTeX document class

(/nix/store/12qz4w7rvpja8c989v291hkm1c4968wb-texlive-combined-full-2018/share/t
exmf/tex/latex/base/size10.clo
File: size10.clo 2018/09/03 v1.4i Standard LaTeX file (size option)
)
\c@part=\count80
\c@section=\count81
\c@subsection=\count82
\c@subsubsection=\count83
\c@paragraph=\count84
\c@subparagraph=\count85
\c@figure=\count86
\c@table=\count87
\abovecaptionskip=\skip41
\belowcaptionskip=\skip42
\bibindent=\dimen102
)
(/nix/store/12qz4w7rvpja8c989v291hkm1c4968wb-texlive-combined-full-2018/share/t
exmf/tex/latex/hyperref/hyperref.sty
Package: hyperref 2018/11/30 v6.88e Hypertext links for LaTeX

(/nix/store/12qz4w7rvpja8c989v291hkm1c4968wb-texlive-combined-full-2018/share/t
exmf/tex/generic/oberdiek/hobsub-hyperref.sty
Package: hobsub-hyperref 2016/05/16 v1.14 Bundle oberdiek, subset hyperref (HO)


(/nix/store/12qz4w7rvpja8c989v291hkm1c4968wb-texlive-combined-full-2018/share/t
exmf/tex/generic/oberdiek/hobsub-generic.sty
Package: hobsub-generic 2016/05/16 v1.14 Bundle oberdiek, subset generic (HO)
Package: hobsub 2016/05/16 v1.14 Construct package bundles (HO)
Package: infwarerr 2016/05/16 v1.4 Providing info/warning/error messages (HO)
Package: ltxcmds 2016/05/16 v1.23 LaTeX kernel commands for general use (HO)
Package: ifluatex 2016/05/16 v1.4 Provides the ifluatex switch (HO)
Package ifluatex Info: LuaTeX not detected.
Package: ifvtex 2016/05/16 v1.6 Detect VTeX and its facilities (HO)
Package ifvtex Info: VTeX not detected.
Package: intcalc 2016/05/16 v1.2 Expandable calculations with integers (HO)
Package: ifpdf 2018/09/07 v3.3 Provides the ifpdf switch
Package: etexcmds 2016/05/16 v1.6 Avoid name clashes with e-TeX commands (HO)
Package etexcmds Info: Could not find \expanded.
(etexcmds)             That can mean that you are not using pdfTeX 1.50 or
(etexcmds)             that some package has redefined \expanded.
(etexcmds)             In the latter case, load this package earlier.
Package: kvsetkeys 2016/05/16 v1.17 Key value parser (HO)
Package: kvdefinekeys 2016/05/16 v1.4 Define keys (HO)
Package: pdftexcmds 2018/09/10 v0.29 Utility functions of pdfTeX for LuaTeX (HO
)
Package pdftexcmds Info: LuaTeX not detected.
Package pdftexcmds Info: \pdf@primitive is available.
Package pdftexcmds Info: \pdf@ifprimitive is available.
Package pdftexcmds Info: \pdfdraftmode found.
Package: pdfescape 2016/05/16 v1.14 Implements pdfTeX's escape features (HO)
Package: bigintcalc 2016/05/16 v1.4 Expandable calculations on big integers (HO
)
Package: bitset 2016/05/16 v1.2 Handle bit-vector datatype (HO)
Package: uniquecounter 2016/05/16 v1.3 Provide unlimited unique counter (HO)
)
Package hobsub Info: Skipping package `hobsub' (already loaded).
Package: letltxmacro 2016/05/16 v1.5 Let assignment for LaTeX macros (HO)
Package: hopatch 2016/05/16 v1.3 Wrapper for package hooks (HO)
Package: xcolor-patch 2016/05/16 xcolor patch
Package: atveryend 2016/05/16 v1.9 Hooks at the very end of document (HO)
Package atveryend Info: \enddocument detected (standard20110627).
Package: atbegshi 2016/06/09 v1.18 At begin shipout hook (HO)
Package: refcount 2016/05/16 v3.5 Data extraction from label references (HO)
Package: hycolor 2016/05/16 v1.8 Color options for hyperref/bookmark (HO)
)
(/nix/store/12qz4w7rvpja8c989v291hkm1c4968wb-texlive-combined-full-2018/share/t
exmf/tex/latex/graphics/keyval.sty
Package: keyval 2014/10/28 v1.15 key=value parser (DPC)
\KV@toks@=\toks14
)
(/nix/store/12qz4w7rvpja8c989v291hkm1c4968wb-texlive-combined-full-2018/share/t
exmf/tex/generic/ifxetex/ifxetex.sty
Package: ifxetex 2010/09/12 v0.6 Provides ifxetex conditional
)
(/nix/store/12qz4w7rvpja8c989v291hkm1c4968wb-texlive-combined-full-2018/share/t
exmf/tex/latex/oberdiek/auxhook.sty
Package: auxhook 2016/05/16 v1.4 Hooks for auxiliary files (HO)
)
(/nix/store/12qz4w7rvpja8c989v291hkm1c4968wb-texlive-combined-full-2018/share/t
exmf/tex/latex/oberdiek/kvoptions.sty
Package: kvoptions 2016/05/16 v3.12 Key value format for package options (HO)
)
\@linkdim=\dimen103
\Hy@linkcounter=\count88
\Hy@pagecounter=\count89

(/nix/store/12qz4w7rvpja8c989v291hkm1c4968wb-texlive-combined-full-2018/share/t
exmf/tex/latex/hyperref/pd1enc.def
File: pd1enc.def 2018/11/30 v6.88e Hyperref: PDFDocEncoding definition (HO)
Now handling font encoding PD1 ...
... no UTF-8 mapping file for font encoding PD1
)
\Hy@SavedSpaceFactor=\count90

(/nix/store/12qz4w7rvpja8c989v291hkm1c4968wb-texlive-combined-full-2018/share/t
exmf/tex/latex/latexconfig/hyperref.cfg
File: hyperref.cfg 2002/06/06 v1.2 hyperref configuration of TeXLive
)
Package hyperref Info: Hyper figures OFF on input line 4519.
Package hyperref Info: Link nesting OFF on input line 4524.
Package hyperref Info: Hyper index ON on input line 4527.
Package hyperref Info: Plain pages OFF on input line 4534.
Package hyperref Info: Backreferencing OFF on input line 4539.
Package hyperref Info: Implicit mode ON; LaTeX internals redefined.
Package hyperref Info: Bookmarks ON on input line 4772.
\c@Hy@tempcnt=\count91

(/nix/store/12qz4w7rvpja8c989v291hkm1c4968wb-texlive-combined-full-2018/share/t
exmf/tex/latex/url/url.sty
\Urlmuskip=\muskip10
Package: url 2013/09/16  ver 3.4  Verb mode for urls, etc.
)
LaTeX Info: Redefining \url on input line 5125.
\XeTeXLinkMargin=\dimen104
\Fld@menulength=\count92
\Field@Width=\dimen105
\Fld@charsize=\dimen106
Package hyperref Info: Hyper figures OFF on input line 6380.
Package hyperref Info: Link nesting OFF on input line 6385.
Package hyperref Info: Hyper index ON on input line 6388.
Package hyperref Info: backreferencing OFF on input line 6395.
Package hyperref Info: Link coloring OFF on input line 6400.
Package hyperref Info: Link coloring with OCG OFF on input line 6405.
Package hyperref Info: PDF/A mode OFF on input line 6410.
LaTeX Info: Redefining \ref on input line 6450.
LaTeX Info: Redefining \pageref on input line 6454.
\Hy@abspage=\count93
\c@Item=\count94
\c@Hfootnote=\count95
)
Package hyperref Info: Driver (autodetected): hpdftex.

(/nix/store/12qz4w7rvpja8c989v291hkm1c4968wb-texlive-combined-full-2018/share/t
exmf/tex/latex/hyperref/hpdftex.def
File: hpdftex.def 2018/11/30 v6.88e Hyperref driver for pdfTeX
\Fld@listcount=\count96
\c@bookmark@seq@number=\count97

(/nix/store/12qz4w7rvpja8c989v291hkm1c4968wb-texlive-combined-full-2018/share/t
exmf/tex/latex/oberdiek/rerunfilecheck.sty
Package: rerunfilecheck 2016/05/16 v1.8 Rerun checks for auxiliary files (HO)
Package uniquecounter Info: New unique counter `rerunfilecheck' on input line 2
82.
)
\Hy@SectionHShift=\skip43
)
(/nix/store/12qz4w7rvpja8c989v291hkm1c4968wb-texlive-combined-full-2018/share/t
exmf/tex/latex/listings/listings.sty
\lst@mode=\count98
\lst@gtempboxa=\box27
\lst@token=\toks15
\lst@length=\count99
\lst@currlwidth=\dimen107
\lst@column=\count100
\lst@pos=\count101
\lst@lostspace=\dimen108
\lst@width=\dimen109
\lst@newlines=\count102
\lst@lineno=\count103
\lst@maxwidth=\dimen110

(/nix/store/12qz4w7rvpja8c989v291hkm1c4968wb-texlive-combined-full-2018/share/t
exmf/tex/latex/listings/lstmisc.sty
File: lstmisc.sty 2018/09/02 1.7 (Carsten Heinz)
\c@lstnumber=\count104
\lst@skipnumbers=\count105
\lst@framebox=\box28
)
(/nix/store/12qz4w7rvpja8c989v291hkm1c4968wb-texlive-combined-full-2018/share/t
exmf/tex/latex/listings/listings.cfg
File: listings.cfg 2018/09/02 1.7 listings configuration
))
Package: listings 2018/09/02 1.7 (Carsten Heinz)

(/nix/store/12qz4w7rvpja8c989v291hkm1c4968wb-texlive-combined-full-2018/share/t
exmf/tex/latex/xcolor/xcolor.sty
Package: xcolor 2016/05/11 v2.12 LaTeX color extensions (UK)

(/nix/store/12qz4w7rvpja8c989v291hkm1c4968wb-texlive-combined-full-2018/share/t
exmf/tex/latex/graphics-cfg/color.cfg
File: color.cfg 2016/01/02 v1.6 sample color configuration
)
Package xcolor Info: Driver file: pdftex.def on input line 225.

(/nix/store/12qz4w7rvpja8c989v291hkm1c4968wb-texlive-combined-full-2018/share/t
exmf/tex/latex/graphics-def/pdftex.def
File: pdftex.def 2018/01/08 v1.0l Graphics/color driver for pdftex
)
Package xcolor Info: Model `cmy' substituted by `cmy0' on input line 1348.
Package xcolor Info: Model `hsb' substituted by `rgb' on input line 1352.
Package xcolor Info: Model `RGB' extended on input line 1364.
Package xcolor Info: Model `HTML' substituted by `rgb' on input line 1366.
Package xcolor Info: Model `Hsb' substituted by `hsb' on input line 1367.
Package xcolor Info: Model `tHsb' substituted by `hsb' on input line 1368.
Package xcolor Info: Model `HSB' substituted by `hsb' on input line 1369.
Package xcolor Info: Model `Gray' substituted by `gray' on input line 1370.
Package xcolor Info: Model `wave' substituted by `hsb' on input line 1371.
)
(/nix/store/12qz4w7rvpja8c989v291hkm1c4968wb-texlive-combined-full-2018/share/t
exmf/tex/latex/listings/lstlang1.sty
File: lstlang1.sty 2018/09/02 1.7 listings language file
)
(/nix/store/12qz4w7rvpja8c989v291hkm1c4968wb-texlive-combined-full-2018/share/t
exmf/tex/latex/listings/lstmisc.sty
File: lstmisc.sty 2018/09/02 1.7 (Carsten Heinz)
) (./latex.aux)
\openout1 = `latex.aux'.

LaTeX Font Info:    Checking defaults for OML/cmm/m/it on input line 22.
LaTeX Font Info:    ... okay on input line 22.
LaTeX Font Info:    Checking defaults for T1/cmr/m/n on input line 22.
LaTeX Font Info:    ... okay on input line 22.
LaTeX Font Info:    Checking defaults for OT1/cmr/m/n on input line 22.
LaTeX Font Info:    ... okay on input line 22.
LaTeX Font Info:    Checking defaults for OMS/cmsy/m/n on input line 22.
LaTeX Font Info:    ... okay on input line 22.
LaTeX Font Info:    Checking defaults for OMX/cmex/m/n on input line 22.
LaTeX Font Info:    ... okay on input line 22.
LaTeX Font Info:    Checking defaults for U/cmr/m/n on input line 22.
LaTeX Font Info:    ... okay on input line 22.
LaTeX Font Info:    Checking defaults for PD1/pdf/m/n on input line 22.
LaTeX Font Info:    ... okay on input line 22.
\AtBeginShipoutBox=\box29
Package hyperref Info: Link coloring OFF on input line 22.

(/nix/store/12qz4w7rvpja8c989v291hkm1c4968wb-texlive-combined-full-2018/share/t
exmf/tex/latex/hyperref/nameref.sty
Package: nameref 2016/05/21 v2.44 Cross-referencing by name of section

(/nix/store/12qz4w7rvpja8c989v291hkm1c4968wb-texlive-combined-full-2018/share/t
exmf/tex/generic/oberdiek/gettitlestring.sty
Package: gettitlestring 2016/05/16 v1.5 Cleanup title references (HO)
)
\c@section@level=\count106
)
LaTeX Info: Redefining \ref on input line 22.
LaTeX Info: Redefining \pageref on input line 22.
LaTeX Info: Redefining \nameref on input line 22.
 (./latex.out) (./latex.out)
\@outlinefile=\write3
\openout3 = `latex.out'.

\c@lstlisting=\count107

(/nix/store/12qz4w7rvpja8c989v291hkm1c4968wb-texlive-combined-full-2018/share/t
exmf/tex/context/base/mkii/supp-pdf.mkii
[Loading MPS to PDF converter (version 2006.09.02).]
\scratchcounter=\count108
\scratchdimen=\dimen111
\scratchbox=\box30
\nofMPsegments=\count109
\nofMParguments=\count110
\everyMPshowfont=\toks16
\MPscratchCnt=\count111
\MPscratchDim=\dimen112
\MPnumerator=\count112
\makeMPintoPDFobject=\count113
\everyMPtoPDFconversion=\toks17
)
Overfull \hbox (88.70935pt too wide) in paragraph at lines 23--24
[][]\OT1/cmr/bx/n/10 Advertisement
 []

LaTeX Font Info:    Try loading font information for OMS+cmr on input line 26.

(/nix/store/12qz4w7rvpja8c989v291hkm1c4968wb-texlive-combined-full-2018/share/t
exmf/tex/latex/base/omscmr.fd
File: omscmr.fd 2014/09/29 v2.5h Standard LaTeX font definitions
)
LaTeX Font Info:    Font shape `OMS/cmr/m/n' in size <10> not available
(Font)              Font shape `OMS/cmsy/m/n' tried instead on input line 26.

Overfull \hbox (15.0pt too wide) in paragraph at lines 35--36
[][] 
 []


Overfull \hbox (15.0pt too wide) in paragraph at lines 45--46
[][] 
 []


Overfull \hbox (15.0pt too wide) in paragraph at lines 47--48
[][] 
 []

! Undefined control sequence.
l.71 \textif
            {This is italic text}
? 
! Undefined control sequence.
l.73 \textif
            {This is italic text}
? 
[1

{/nix/store/12qz4w7rvpja8c989v291hkm1c4968wb-texlive-combined-full-2018/share/t
exmf/fonts/map/pdftex/updmap/pdftex.map}]
(/nix/store/12qz4w7rvpja8c989v291hkm1c4968wb-texlive-combined-full-2018/share/t
exmf/tex/latex/listings/lstlang1.sty
File: lstlang1.sty 2018/09/02 1.7 listings language file
)
(/nix/store/12qz4w7rvpja8c989v291hkm1c4968wb-texlive-combined-full-2018/share/t
exmf/tex/latex/listings/lstlang2.sty
File: lstlang2.sty 2018/09/02 1.7 listings language file
)
(/nix/store/12qz4w7rvpja8c989v291hkm1c4968wb-texlive-combined-full-2018/share/t
exmf/tex/latex/listings/lstlang3.sty
File: lstlang3.sty 2018/09/02 1.7 listings language file
)

! Package Listings Error: Couldn't load requested language.

See the Listings package documentation for explanation.
Type  H <return>  for immediate help.
 ...                                              
                                                  
l.167 \begin{lstlisting}[language=js]
                                     
? 

! Package Listings Error: language js undefined.

See the Listings package documentation for explanation.
Type  H <return>  for immediate help.
 ...                                              
                                                  
l.167 \begin{lstlisting}[language=js]
                                     
? 
LaTeX Font Info:    Font shape `OT1/cmtt/bx/n' in size <8> not available
(Font)              Font shape `OT1/cmtt/m/n' tried instead on input line 169.
[2]
! Missing $ inserted.
<inserted text> 
                $
l.242 \item 19^
               th^
? 
LaTeX Font Info:    External font `cmex10' loaded for size
(Font)              <7> on input line 242.
LaTeX Font Info:    External font `cmex10' loaded for size
(Font)              <5> on input line 242.
! Missing { inserted.
<to be read again> 
                   \let 
l.243 \item
            H~2~O
? 

! LaTeX Error: Command \item invalid in math mode.

See the LaTeX manual or LaTeX Companion for explanation.
Type  H <return>  for immediate help.
 ...                                              
                                                  
l.243 \item
            H~2~O
? 

! LaTeX Error: Something's wrong--perhaps a missing \item.

See the LaTeX manual or LaTeX Companion for explanation.
Type  H <return>  for immediate help.
 ...                                              
                                                  
l.243 \item H
             ~2~O
? 

! LaTeX Error: Something's wrong--perhaps a missing \item.

See the LaTeX manual or LaTeX Companion for explanation.
Type  H <return>  for immediate help.
 ...                                              
                                                  
l.243 \item H
             ~2~O
? 
! Missing $ inserted.
<inserted text> 
                $
l.244 
      
? 
! Missing } inserted.
<inserted text> 
                }
l.244 
      
? 
! Missing } inserted.
<inserted text> 
                }
l.244 
      
? 
! Extra }, or forgotten \endgroup.
\par ...m \@noitemerr {\@@par }\fi \else {\@@par }
                                                  \fi 
l.244 
      
? 
! Missing $ inserted.
<inserted text> 
                $
l.263 Footnote 1 link[^
                       first].
? 
! Missing $ inserted.
<inserted text> 
                $
l.264 
      
? 
[3]
! Missing $ inserted.
<inserted text> 
                $
l.265 Footnote 2 link[^
                       second].
? 
! Missing $ inserted.
<inserted text> 
                $
l.266 
      
? 
! Missing $ inserted.
<inserted text> 
                $
l.267 Inline footnote^
                      [Text of inline footnote] definition.
? 
! Missing $ inserted.
<inserted text> 
                $
l.268 
      
? 
! Missing $ inserted.
<inserted text> 
                $
l.269 Duplicated footnote reference[^
                                     second].
? 
! Missing $ inserted.
<inserted text> 
                $
l.270 
      
? 
! Missing $ inserted.
<inserted text> 
                $
l.271 [^
        first]: Footnote \textbf{can have markup}
? 
! Missing $ inserted.
<inserted text> 
                $
l.272 
      
? 
! Missing $ inserted.
<inserted text> 
                $
l.276 [^
        second]: Footnote text.
? 
! Missing $ inserted.
<inserted text> 
                $
l.277 
      
? 
! Undefined control sequence.
l.287 Term 2 with \textif
                         {inline markup}
? 
! Undefined control sequence.
l.296 \textif
             {Compact style:}
? 
! Undefined control sequence.
l.318 \textif
             {here be dragons}
? 
Package atveryend Info: Empty hook `BeforeClearDocument' on input line 322.
[4]
Package atveryend Info: Empty hook `AfterLastShipout' on input line 322.
 (./latex.aux)
Package atveryend Info: Executing hook `AtVeryEndDocument' on input line 322.
Package atveryend Info: Executing hook `AtEndAfterFileList' on input line 322.


Package rerunfilecheck Warning: File `latex.out' has changed.
(rerunfilecheck)                Rerun to get outlines right
(rerunfilecheck)                or use package `bookmark'.

Package rerunfilecheck Info: Checksums for `latex.out':
(rerunfilecheck)             Before: ED31C5997D186E07A0885A0ECE682CA6;39
(rerunfilecheck)             After:  558940DC754D2A735FC0E4EA37422022;1428.
Package atveryend Info: Empty hook `AtVeryVeryEnd' on input line 322.
 ) 
Here is how much of TeX's memory you used:
 6868 strings out of 492616
 101388 string characters out of 6106108
 394357 words of memory out of 5000000
 10722 multiletter control sequences out of 15000+600000
 5793 words of font info for 22 fonts, out of 8000000 for 9000
 1141 hyphenation exceptions out of 8191
 30i,6n,56p,289b,1134s stack positions out of 5000i,500n,10000p,200000b,80000s
</nix/store/12qz4w7rvpja8c989v291hkm1c4968wb-texlive-combined-full-2018/share
/texmf/fonts/type1/public/amsfonts/cm/cmbx10.pfb></nix/store/12qz4w7rvpja8c989v
291hkm1c4968wb-texlive-combined-full-2018/share/texmf/fonts/type1/public/amsfon
ts/cm/cmbx12.pfb></nix/store/12qz4w7rvpja8c989v291hkm1c4968wb-texlive-combined-
full-2018/share/texmf/fonts/type1/public/amsfonts/cm/cmmi10.pfb></nix/store/12q
z4w7rvpja8c989v291hkm1c4968wb-texlive-combined-full-2018/share/texmf/fonts/type
1/public/amsfonts/cm/cmmi7.pfb></nix/store/12qz4w7rvpja8c989v291hkm1c4968wb-tex
live-combined-full-2018/share/texmf/fonts/type1/public/amsfonts/cm/cmr10.pfb></
nix/store/12qz4w7rvpja8c989v291hkm1c4968wb-texlive-combined-full-2018/share/tex
mf/fonts/type1/public/amsfonts/cm/cmr7.pfb></nix/store/12qz4w7rvpja8c989v291hkm
1c4968wb-texlive-combined-full-2018/share/texmf/fonts/type1/public/amsfonts/cm/
cmsy10.pfb></nix/store/12qz4w7rvpja8c989v291hkm1c4968wb-texlive-combined-full-2
018/share/texmf/fonts/type1/public/amsfonts/cm/cmtt10.pfb></nix/store/12qz4w7rv
pja8c989v291hkm1c4968wb-texlive-combined-full-2018/share/texmf/fonts/type1/publ
ic/amsfonts/cm/cmtt8.pfb>
Output written on latex.pdf (4 pages, 114127 bytes).
PDF statistics:
 127 PDF objects out of 1000 (max. 8388607)
 110 compressed objects within 2 object streams
 42 named destinations out of 1000 (max. 500000)
 9 words of extra memory for PDF output out of 10000 (max. 10000000)

